  Mine.cpp
C:\Users\ks_wi\OneDrive\桌面\Minefield\Mine.cpp(13,5): error C2248: 'Object::m_team': cannot access private member declared in class 'Object'
C:\Users\ks_wi\OneDrive\桌面\Minefield\Object.h(26): message : see declaration of 'Object::m_team'
C:\Users\ks_wi\OneDrive\桌面\Minefield\ObjectManager.h(8): message : see declaration of 'Object'
  Minefield.cpp
  Object.cpp
  ObjectManager.cpp
C:\Users\ks_wi\OneDrive\桌面\Minefield\ObjectManager.cpp(59,24): error C2248: 'Object::m_objectId': cannot access private member declared in class 'Object'
C:\Users\ks_wi\OneDrive\桌面\Minefield\Object.h(25): message : see declaration of 'Object::m_objectId'
C:\Users\ks_wi\OneDrive\桌面\Minefield\Object.h(4): message : see declaration of 'Object'
C:\Users\ks_wi\OneDrive\桌面\Minefield\ObjectManager.cpp(63,24): error C2248: 'Object::m_objectId': cannot access private member declared in class 'Object'
C:\Users\ks_wi\OneDrive\桌面\Minefield\Object.h(25): message : see declaration of 'Object::m_objectId'
C:\Users\ks_wi\OneDrive\桌面\Minefield\Object.h(4): message : see declaration of 'Object'
C:\Users\ks_wi\OneDrive\桌面\Minefield\ObjectManager.cpp(63,51): error C2248: 'Object::m_objectId': cannot access private member declared in class 'Object'
C:\Users\ks_wi\OneDrive\桌面\Minefield\Object.h(25): message : see declaration of 'Object::m_objectId'
C:\Users\ks_wi\OneDrive\桌面\Minefield\Object.h(4): message : see declaration of 'Object'
C:\Users\ks_wi\OneDrive\桌面\Minefield\ObjectManager.cpp(64,24): error C2248: 'Object::m_team': cannot access private member declared in class 'Object'
C:\Users\ks_wi\OneDrive\桌面\Minefield\Object.h(26): message : see declaration of 'Object::m_team'
C:\Users\ks_wi\OneDrive\桌面\Minefield\Object.h(4): message : see declaration of 'Object'
C:\Users\ks_wi\OneDrive\桌面\Minefield\ObjectManager.cpp(64,47): error C2248: 'Object::m_team': cannot access private member declared in class 'Object'
C:\Users\ks_wi\OneDrive\桌面\Minefield\Object.h(26): message : see declaration of 'Object::m_team'
C:\Users\ks_wi\OneDrive\桌面\Minefield\Object.h(4): message : see declaration of 'Object'
C:\Users\ks_wi\OneDrive\桌面\Minefield\ObjectManager.cpp(65,24): error C2248: 'Object::m_bitFlags': cannot access private member declared in class 'Object'
C:\Users\ks_wi\OneDrive\桌面\Minefield\Object.h(34): message : see declaration of 'Object::m_bitFlags'
C:\Users\ks_wi\OneDrive\桌面\Minefield\Object.h(4): message : see declaration of 'Object'
C:\Users\ks_wi\OneDrive\桌面\Minefield\ObjectManager.cpp(65,51): error C2248: 'Object::m_bitFlags': cannot access private member declared in class 'Object'
C:\Users\ks_wi\OneDrive\桌面\Minefield\Object.h(34): message : see declaration of 'Object::m_bitFlags'
C:\Users\ks_wi\OneDrive\桌面\Minefield\Object.h(4): message : see declaration of 'Object'
C:\Users\ks_wi\OneDrive\桌面\Minefield\ObjectManager.cpp(81,33): error C2248: 'Object::m_objectId': cannot access private member declared in class 'Object'
C:\Users\ks_wi\OneDrive\桌面\Minefield\Object.h(25): message : see declaration of 'Object::m_objectId'
C:\Users\ks_wi\OneDrive\桌面\Minefield\Object.h(4): message : see declaration of 'Object'
C:\Users\ks_wi\OneDrive\桌面\Minefield\ObjectManager.cpp(82,33): error C2248: 'Object::m_team': cannot access private member declared in class 'Object'
C:\Users\ks_wi\OneDrive\桌面\Minefield\Object.h(26): message : see declaration of 'Object::m_team'
C:\Users\ks_wi\OneDrive\桌面\Minefield\Object.h(4): message : see declaration of 'Object'
C:\Users\ks_wi\OneDrive\桌面\Minefield\ObjectManager.cpp(91,37): error C2248: 'Object::m_bitFlags': cannot access private member declared in class 'Object'
C:\Users\ks_wi\OneDrive\桌面\Minefield\Object.h(34): message : see declaration of 'Object::m_bitFlags'
C:\Users\ks_wi\OneDrive\桌面\Minefield\Object.h(4): message : see declaration of 'Object'
C:\Users\ks_wi\OneDrive\桌面\Minefield\ObjectManager.cpp(91,60): error C2248: 'Object::OBF_INVULNERABLE': cannot access private enumerator declared in class 'Object'
C:\Users\ks_wi\OneDrive\桌面\Minefield\Object.h(31): message : see declaration of 'Object::OBF_INVULNERABLE'
C:\Users\ks_wi\OneDrive\桌面\Minefield\Object.h(4): message : see declaration of 'Object'
C:\Users\ks_wi\OneDrive\桌面\Minefield\ObjectManager.cpp(103,24): error C2248: 'Object::m_objectId': cannot access private member declared in class 'Object'
C:\Users\ks_wi\OneDrive\桌面\Minefield\Object.h(25): message : see declaration of 'Object::m_objectId'
C:\Users\ks_wi\OneDrive\桌面\Minefield\Object.h(4): message : see declaration of 'Object'
C:\Users\ks_wi\OneDrive\桌面\Minefield\ObjectManager.cpp(123,24): error C2248: 'Object::m_objectId': cannot access private member declared in class 'Object'
C:\Users\ks_wi\OneDrive\桌面\Minefield\Object.h(25): message : see declaration of 'Object::m_objectId'
C:\Users\ks_wi\OneDrive\桌面\Minefield\Object.h(4): message : see declaration of 'Object'
C:\Users\ks_wi\OneDrive\桌面\Minefield\ObjectManager.cpp(160,24): error C2248: 'Object::m_team': cannot access private member declared in class 'Object'
C:\Users\ks_wi\OneDrive\桌面\Minefield\Object.h(26): message : see declaration of 'Object::m_team'
C:\Users\ks_wi\OneDrive\桌面\Minefield\Object.h(4): message : see declaration of 'Object'
C:\Users\ks_wi\OneDrive\桌面\Minefield\ObjectManager.cpp(181,24): error C2248: 'Object::m_team': cannot access private member declared in class 'Object'
C:\Users\ks_wi\OneDrive\桌面\Minefield\Object.h(26): message : see declaration of 'Object::m_team'
C:\Users\ks_wi\OneDrive\桌面\Minefield\Object.h(4): message : see declaration of 'Object'
  Generating Code...
